#
# A fatal error has been detected by the Java Runtime Environment:
#
#  EXCEPTION_ACCESS_VIOLATION (0xc0000005) at pc=0x00007ffaca1bca30, pid=9892, tid=17200
#
# JRE version: OpenJDK Runtime Environment Temurin-21.0.10+7 (21.0.10+7) (build 21.0.10+7-LTS)
# Java VM: OpenJDK 64-Bit Server VM Temurin-21.0.10+7 (21.0.10+7-LTS, mixed mode, sharing, tiered, compressed oops, compressed class ptrs, parallel gc, windows-amd64)
# Problematic frame:
# V  [jvm.dll+0xca30]
#
# No core dump will be written. Minidumps are not enabled by default on client versions of Windows
#
# If you would like to submit a bug report, please visit:
#   https://github.com/adoptium/adoptium-support/issues
#

---------------  S U M M A R Y ------------

Command Line: --add-modules=ALL-SYSTEM --add-opens=java.base/java.util=ALL-UNNAMED --add-opens=java.base/java.lang=ALL-UNNAMED --add-opens=java.base/sun.nio.fs=ALL-UNNAMED -Declipse.application=org.eclipse.jdt.ls.core.id1 -Dosgi.bundles.defaultStartLevel=4 -Declipse.product=org.eclipse.jdt.ls.core.product -Djava.import.generatesMetadataFilesAtProjectRoot=false -DDetectVMInstallationsJob.disabled=true -Dfile.encoding=utf8 -XX:+UseParallelGC -XX:GCTimeRatio=4 -XX:AdaptiveSizePolicyWeight=90 -Dsun.zip.disableMemoryMapping=true -Xmx2G -Xms100m -Xlog:disable -javaagent:c:\Users\kavisree\.vscode\extensions\redhat.java-1.53.0-win32-x64\lombok\lombok-1.18.39-4050.jar c:\Users\kavisree\.vscode\extensions\redhat.java-1.53.0-win32-x64\server\plugins\org.eclipse.equinox.launcher_1.7.100.v20251111-0406.jar -configuration c:\Users\kavisree\AppData\Roaming\Code\User\globalStorage\redhat.java\1.53.0\config_ss_win -data c:\Users\kavisree\AppData\Roaming\Code\User\workspaceStorage\bdcabcdb5dbb4f6f25710cacc4d11531\redhat.java\ss_ws --pipe=\\.\pipe\lsp-21fdf4785284dac153a81ba164757572-sock

Host: AMD Ryzen 5 5500U with Radeon Graphics         , 12 cores, 15G,  Windows 11 , 64 bit Build 22621 (10.0.22621.5124)
Time: Mon Apr 13 22:22:29 2026 India Standard Time elapsed time: 2.419819 seconds (0d 0h 0m 2s)

---------------  T H R E A D  ---------------

Current thread (0x000001ec2c1bc8d0):  WorkerThread "GC Thread#0"    [id=17200, stack(0x0000001a55300000,0x0000001a55400000) (1024K)]

Stack: [0x0000001a55300000,0x0000001a55400000],  sp=0x0000001a553ff418,  free space=1021k
Native frames: (J=compiled Java code, j=interpreted, Vv=VM code, C=native code)
V  [jvm.dll+0xca30]


siginfo: EXCEPTION_ACCESS_VIOLATION (0xc0000005), reading address 0x0000000000000100


Registers:
RAX=0x0000000000000000, RBX=0x00000000d729a984, RCX=0x000001ec43000000, RDX=0x00000000d6efda98
RSP=0x0000001a553ff418, RBP=0x0000001a553ff470, RSI=0x00000000d6efda98, RDI=0x000001ec2c130480
R8 =0x000001ec43000000, R9 =0x0000000000000000, R10=0x000001ec43000000, R11=0x000001ec2c130480
R12=0x0000000000000010, R13=0x000000000000000c, R14=0x000001ec2c130480, R15=0x0000000000000040
RIP=0x00007ffaca1bca30, EFLAGS=0x0000000000010246

XMM[0]=0xffffffff00142858 0x0000000000000009
XMM[1]=0x00000000d6ef07c8 0x0000000000000000
XMM[2]=0xd6f1250000000000 0xd6f12ce8d6f13118
XMM[3]=0xd6f11ae000000000 0xd6f120f000000000
XMM[4]=0xd6f10f9000000000 0xd6f1109000000000
XMM[5]=0x0000000000000000 0x0000000000000000
XMM[6]=0x0000000000000000 0x0000000000000000
XMM[7]=0x0000000000000000 0x0000000000000000
XMM[8]=0x0000000000000000 0x0000000000000000
XMM[9]=0x0000000000000000 0x0000000000000000
XMM[10]=0x0000000000000000 0x0000000000000000
XMM[11]=0x0000000000000000 0x0000000000000000
XMM[12]=0x0000000000000000 0x0000000000000000
XMM[13]=0x0000000000000000 0x0000000000000000
XMM[14]=0x0000000000000000 0x0000000000000000
XMM[15]=0x0000000000000000 0x0000000000000000
  MXCSR=0x00001fa0


Register to memory mapping:

RAX=0x0 is null
RBX=0x00000000d729a984 points into unknown readable memory: 98 da ef d6
RCX=0x000001ec43000000 is pointing into metadata
RDX=0x00000000d6efda98 points into unknown readable memory: 0x00000000d6eee248 | 48 e2 ee d6 00 00 00 00
RSP=0x0000001a553ff418 points into unknown readable memory: 0x00007ffaca8c4935 | 35 49 8c ca fa 7f 00 00
RBP=0x0000001a553ff470 points into unknown readable memory: 0x0000000000000040 | 40 00 00 00 00 00 00 00
RSI=0x00000000d6efda98 points into unknown readable memory: 0x00000000d6eee248 | 48 e2 ee d6 00 00 00 00
RDI=0x000001ec2c130480 points into unknown readable memory: 0x00007ffacac4a248 | 48 a2 c4 ca fa 7f 00 00
R8 =0x000001ec43000000 is pointing into metadata
R9 =0x0 is null
R10=0x000001ec43000000 is pointing into metadata
R11=0x000001ec2c130480 points into unknown readable memory: 0x00007ffacac4a248 | 48 a2 c4 ca fa 7f 00 00
R12=0x0000000000000010 is an unknown value
R13=0x000000000000000c is an unknown value
R14=0x000001ec2c130480 points into unknown readable memory: 0x00007ffacac4a248 | 48 a2 c4 ca fa 7f 00 00
R15=0x0000000000000040 is an unknown value

Top of Stack: (sp=0x0000001a553ff418)
0x0000001a553ff418:   00007ffaca8c4935 00000000d7297738
0x0000001a553ff428:   00007ffaca8ba11c 00000000800001d4
0x0000001a553ff438:   000001ec2c19d2f0 00000000800009f4
0x0000001a553ff448:   00007ffaca8b9828 00000000d7298000
0x0000001a553ff458:   0000000000001000 000000000000000c
0x0000001a553ff468:   0000000000000010 0000000000000040
0x0000001a553ff478:   0000000000000100 000001ec2c130480
0x0000001a553ff488:   00000000000006a5 00000000000000ce
0x0000001a553ff498:   00007ffaca8c5739 00000000d729a968
0x0000001a553ff4a8:   00000000800009f8 00000000d6eee248
0x0000001a553ff4b8:   0000000000000000 0000000080000a00
0x0000001a553ff4c8:   0000001a553ff578 000001ec2c130480
0x0000001a553ff4d8:   0000000000000005 0000000080002000
0x0000001a553ff4e8:   0000000080000000 0000000080002000
0x0000001a553ff4f8:   00007ffaca8bb3aa 0000001a553ff680
0x0000001a553ff508:   0000000000000040 0000000080000000
0x0000001a553ff518:   00000000800009f8 0000000080002000
0x0000001a553ff528:   00007ffaca3f3bdc 0000000080002000
0x0000001a553ff538:   0000001a553ff690 000001ec2c19d2f0
0x0000001a553ff548:   0000000080000000 0000001a553ff578
0x0000001a553ff558:   00007ffaca8b901d 0000020000000009
0x0000001a553ff568:   ffffff0202020202 ffffffffffffffff
0x0000001a553ff578:   000001ec4303df90 0000000000000004
0x0000001a553ff588:   000001ec2c130480 00000000d582fe40
0x0000001a553ff598:   00007ffaca8c5f3f 00000000d71ad050
0x0000001a553ff5a8:   0000000000000001 0000001a553ff640
0x0000001a553ff5b8:   000001ec2c1b6420 00007ffacac493e8
0x0000001a553ff5c8:   000001ec2c1bbdf0 000001ec2c130480
0x0000001a553ff5d8:   00007ffaca8c5f3f 00000000d71ac220
0x0000001a553ff5e8:   0000001a54fff568 0000ea37bae51688
0x0000001a553ff5f8:   00007ffaca8c47ea 00007ffacac493e8
0x0000001a553ff608:   000001ec2c130480 0000000080002000 

Instructions: (pc=0x00007ffaca1bca30)
0x00007ffaca1bc930:   a9 00 f0 00 00 75 43 0f b6 c2 24 30 3c 30 74 3a
0x00007ffaca1bc940:   48 c1 e9 0c 48 8d 05 f5 b5 94 00 83 e1 0f 8b 0c
0x00007ffaca1bc950:   88 48 8b 05 e0 f1 cd 00 48 d3 ea 48 c1 e8 15 48
0x00007ffaca1bc960:   c1 ea 15 48 23 d0 48 8b 05 c3 f4 cd 00 48 8b 48
0x00007ffaca1bc970:   60 48 8b 04 d1 48 85 c0 75 08 48 8b 05 b7 f4 cd
0x00007ffaca1bc980:   00 c3 48 8b 05 a7 f4 cd 00 c3 cc cc cc cc cc cc
0x00007ffaca1bc990:   8b 05 a2 c6 c2 00 c3 cc cc cc cc cc cc cc cc cc
0x00007ffaca1bc9a0:   0f b6 05 b8 db c2 00 48 8b d1 84 c0 74 16 44 8b
0x00007ffaca1bc9b0:   41 08 8b 0d 80 c6 c2 00 49 d3 e0 4c 03 05 6e c6
0x00007ffaca1bc9c0:   c2 00 eb 04 4c 8b 41 08 45 8b 48 08 45 85 c9 7e
0x00007ffaca1bc9d0:   0e 41 f6 c1 01 75 53 41 c1 f9 03 49 63 c1 c3 79
0x00007ffaca1bc9e0:   49 84 c0 41 b8 0c 00 00 00 8b 05 b9 d7 c2 00 b9
0x00007ffaca1bc9f0:   10 00 00 00 41 0f 45 c8 ff c8 4c 63 c0 41 8b c1
0x00007ffaca1bca00:   48 c1 f8 10 0f b6 c0 48 63 14 11 41 8b c9 83 e1
0x00007ffaca1bca10:   3f 48 d3 e2 49 8d 0c 10 49 f7 d0 48 03 c1 49 c1
0x00007ffaca1bca20:   e8 03 48 c1 e8 03 49 23 c0 c3 49 8b 00 49 8b c8
0x00007ffaca1bca30:   48 ff a0 00 01 00 00 cc cc cc cc cc cc cc cc cc
0x00007ffaca1bca40:   8b 44 24 30 45 03 c9 44 2b 4c 24 28 83 c0 0b 44
0x00007ffaca1bca50:   03 ca 45 03 c8 41 03 c1 c3 cc cc cc cc cc cc cc
0x00007ffaca1bca60:   4c 8b c2 48 8b d1 45 8b 48 08 45 85 c9 7e 0e 41
0x00007ffaca1bca70:   f6 c1 01 75 56 41 c1 f9 03 49 63 c1 c3 79 4c 80
0x00007ffaca1bca80:   3d d9 da c2 00 00 b8 0c 00 00 00 b9 10 00 00 00
0x00007ffaca1bca90:   0f 45 c8 8b 05 0f d7 c2 00 ff c8 4c 63 c0 41 8b
0x00007ffaca1bcaa0:   c1 48 c1 f8 10 48 63 14 11 41 8b c9 83 e1 3f 0f
0x00007ffaca1bcab0:   b6 c0 48 d3 e2 49 8d 0c 10 49 f7 d0 48 03 c1 49
0x00007ffaca1bcac0:   c1 e8 03 48 c1 e8 03 49 23 c0 c3 49 8b 00 49 8b
0x00007ffaca1bcad0:   c8 48 ff a0 00 01 00 00 cc cc cc cc cc cc cc cc
0x00007ffaca1bcae0:   48 8b 41 08 0f b7 48 2c 0f b7 40 2a 83 c0 48 03
0x00007ffaca1bcaf0:   c1 c3 cc cc cc cc cc cc cc cc cc cc cc cc cc cc
0x00007ffaca1bcb00:   48 89 5c 24 08 57 48 83 ec 20 0f b6 05 6f dc cd
0x00007ffaca1bcb10:   00 48 8b fa 48 8b d9 84 c0 74 4f 48 85 15 26 d4
0x00007ffaca1bcb20:   cd 00 74 38 48 8b ca e8 04 98 8d 00 48 8b d0 48 


Stack slot to memory mapping:

stack at sp + 0 slots: 0x00007ffaca8c4935 jvm.dll
stack at sp + 1 slots: 0x00000000d7297738 is an oop: [Ljava.util.HashMap$Node; 
{0x00000000d7297738} - klass: 'java/util/HashMap$Node'[]
 - length: 256
stack at sp + 2 slots: 0x00007ffaca8ba11c jvm.dll
stack at sp + 3 slots: 0x00000000800001d4 is pointing into object: [Ljava.lang.Object; 
{0x0000000080000030} - klass: 'java/lang/Object'[]
 - length: 108
stack at sp + 4 slots: 0x000001ec2c19d2f0 points into unknown readable memory: 0x00007ffacac44d40 | 40 4d c4 ca fa 7f 00 00
stack at sp + 5 slots: 0x00000000800009f4 is pointing into object: java.util.Collections$UnmodifiableMap 
{0x00000000800009d8} - klass: 'java/util/Collections$UnmodifiableMap'
 - ---- fields (total size 4 words):
 - final 'm' 'Ljava/util/Map;' @12  a 'java/util/HashMap'{0x00000000d7290000} (0xd7290000)
 - private transient 'keySet' 'Ljava/util/Set;' @16  null (0x00000000)
 - private transient 'entrySet' 'Ljava/util/Set;' @20  null (0x00000000)
 - private transient 'values' 'Ljava/util/Collection;' @24  null (0x00000000)
stack at sp + 6 slots: 0x00007ffaca8b9828 jvm.dll
stack at sp + 7 slots: 0x00000000d7298000 is an oop: [Ljava.util.HashMap$Node; 
{0x00000000d7298000} - klass: 'java/util/HashMap$Node'[]
 - length: 128


---------------  P R O C E S S  ---------------

Threads class SMR info:
_java_thread_list=0x000001ec8a50aa00, length=16, elements={
0x000001ec2c19d6b0, 0x000001ec2c2443e0, 0x000001ec2c14cae0, 0x000001ec2c2462b0,
0x000001ec2c249760, 0x000001ec2c248460, 0x000001ec2c24f560, 0x000001ec2c254450,
0x000001ec2c258890, 0x000001ec851006a0, 0x000001ec85266bd0, 0x000001ec8a783330,
0x000001ec8a739390, 0x000001ec8a974300, 0x000001ec8aa04f20, 0x000001ec8a0db980
}

Java Threads: ( => current thread )
  0x000001ec2c19d6b0 JavaThread "main"                              [_thread_blocked, id=2188, stack(0x0000001a55200000,0x0000001a55300000) (1024K)]
  0x000001ec2c2443e0 JavaThread "Reference Handler"          daemon [_thread_blocked, id=9532, stack(0x0000001a55600000,0x0000001a55700000) (1024K)]
  0x000001ec2c14cae0 JavaThread "Finalizer"                  daemon [_thread_blocked, id=10996, stack(0x0000001a55700000,0x0000001a55800000) (1024K)]
  0x000001ec2c2462b0 JavaThread "Signal Dispatcher"          daemon [_thread_blocked, id=11244, stack(0x0000001a55800000,0x0000001a55900000) (1024K)]
  0x000001ec2c249760 JavaThread "Attach Listener"            daemon [_thread_blocked, id=8924, stack(0x0000001a55900000,0x0000001a55a00000) (1024K)]
  0x000001ec2c248460 JavaThread "Service Thread"             daemon [_thread_blocked, id=10604, stack(0x0000001a55a00000,0x0000001a55b00000) (1024K)]
  0x000001ec2c24f560 JavaThread "Monitor Deflation Thread"   daemon [_thread_blocked, id=16720, stack(0x0000001a55b00000,0x0000001a55c00000) (1024K)]
  0x000001ec2c254450 JavaThread "C2 CompilerThread0"         daemon [_thread_blocked, id=16916, stack(0x0000001a55c00000,0x0000001a55d00000) (1024K)]
  0x000001ec2c258890 JavaThread "C1 CompilerThread0"         daemon [_thread_blocked, id=6332, stack(0x0000001a55d00000,0x0000001a55e00000) (1024K)]
  0x000001ec851006a0 JavaThread "Common-Cleaner"             daemon [_thread_blocked, id=9524, stack(0x0000001a55e00000,0x0000001a55f00000) (1024K)]
  0x000001ec85266bd0 JavaThread "Notification Thread"        daemon [_thread_blocked, id=7868, stack(0x0000001a56000000,0x0000001a56100000) (1024K)]
  0x000001ec8a783330 JavaThread "C2 CompilerThread1"         daemon [_thread_blocked, id=7384, stack(0x0000001a55f00000,0x0000001a56000000) (1024K)]
  0x000001ec8a739390 JavaThread "C2 CompilerThread2"         daemon [_thread_blocked, id=13340, stack(0x0000001a56100000,0x0000001a56200000) (1024K)]
  0x000001ec8a974300 JavaThread "Active Thread: Equinox Container: 2b1e229c-b37e-49b6-aa6b-cafb00b22166"        [_thread_blocked, id=3312, stack(0x0000001a56800000,0x0000001a56900000) (1024K)]
  0x000001ec8aa04f20 JavaThread "Framework Event Dispatcher: Equinox Container: 2b1e229c-b37e-49b6-aa6b-cafb00b22166" daemon [_thread_blocked, id=18304, stack(0x0000001a56900000,0x0000001a56a00000) (1024K)]
  0x000001ec8a0db980 JavaThread "Start Level: Equinox Container: 2b1e229c-b37e-49b6-aa6b-cafb00b22166" daemon [_thread_blocked, id=16772, stack(0x0000001a56a00000,0x0000001a56b00000) (1024K)]
Total: 16

Other Threads:
  0x000001ec2c135cc0 VMThread "VM Thread"                           [id=14784, stack(0x0000001a55500000,0x0000001a55600000) (1024K)]
  0x000001ec2c02ba00 WatcherThread "VM Periodic Task Thread"        [id=12992, stack(0x0000001a55400000,0x0000001a55500000) (1024K)]
=>0x000001ec2c1bc8d0 WorkerThread "GC Thread#0"                     [id=17200, stack(0x0000001a55300000,0x0000001a55400000) (1024K)]
  0x000001ec8a2934e0 WorkerThread "GC Thread#1"                     [id=5852, stack(0x0000001a56200000,0x0000001a56300000) (1024K)]
  0x000001ec8a1952c0 WorkerThread "GC Thread#2"                     [id=10552, stack(0x0000001a56300000,0x0000001a56400000) (1024K)]
  0x000001ec8a195670 WorkerThread "GC Thread#3"                     [id=8940, stack(0x0000001a56400000,0x0000001a56500000) (1024K)]
  0x000001ec8a195a20 WorkerThread "GC Thread#4"                     [id=16556, stack(0x0000001a56500000,0x0000001a56600000) (1024K)]
  0x000001ec8a195dd0 WorkerThread "GC Thread#5"                     [id=4100, stack(0x0000001a56600000,0x0000001a56700000) (1024K)]
  0x000001ec8a196180 WorkerThread "GC Thread#6"                     [id=6112, stack(0x0000001a56700000,0x0000001a56800000) (1024K)]
Total: 9

Threads with active compile tasks:
C2 CompilerThread0  2454 1794       4       java.lang.StringLatin1::indexOf (121 bytes)
Total: 1

VM state: at safepoint (normal execution)

VM Mutex/Monitor currently owned by a thread:  ([mutex/lock_event])
[0x00007ffacae6e560] Threads_lock - owner thread: 0x000001ec2c135cc0
[0x00007ffacae6e660] Heap_lock - owner thread: 0x000001ec8a0db980

Heap address: 0x0000000080000000, size: 2048 MB, Compressed Oops mode: 32-bit

CDS archive(s) mapped at: [0x000001ec43000000-0x000001ec43ba0000-0x000001ec43ba0000), size 12189696, SharedBaseAddress: 0x000001ec43000000, ArchiveRelocationMode: 1.
Compressed class space mapped at: 0x000001ec44000000-0x000001ec84000000, reserved size: 1073741824
Narrow klass base: 0x000001ec43000000, Narrow klass shift: 0, Narrow klass range: 0x100000000

GC Precious Log:
 CardTable entry size: 512
 CPUs: 12 total, 12 available
 Memory: 15708M
 Large Page Support: Disabled
 NUMA Support: Disabled
 Compressed Oops: Enabled (32-bit)
 Alignments: Space 512K, Generation 512K, Heap 2M
 Heap Min Capacity: 100M
 Heap Initial Capacity: 100M
 Heap Max Capacity: 2G
 Pre-touch: Disabled
 Parallel Workers: 10

Heap:
 PSYoungGen      total 29696K, used 28871K [0x00000000d5580000, 0x00000000d7680000, 0x0000000100000000)
  eden space 25600K, 100% used [0x00000000d5580000,0x00000000d6e80000,0x00000000d6e80000)
  from space 4096K, 79% used [0x00000000d6e80000,0x00000000d71b1e98,0x00000000d7280000)
  to   space 4096K, 99% used [0x00000000d7280000,0x00000000d767f680,0x00000000d7680000)
 ParOldGen       total 68608K, used 1138K [0x0000000080000000, 0x0000000084300000, 0x00000000d5580000)
  object space 68608K, 1% used [0x0000000080000000,0x000000008011c850,0x0000000084300000)
 Metaspace       used 8110K, committed 8320K, reserved 1114112K
  class space    used 858K, committed 960K, reserved 1048576K

Card table byte_map: [0x000001ec2bb40000,0x000001ec2bf50000] _byte_map_base: 0x000001ec2b740000

Marking Bits: (ParMarkBitMap*) 0x00007ffacae73450
 Begin Bits: [0x000001ec3e650000, 0x000001ec40650000)
 End Bits:   [0x000001ec40650000, 0x000001ec42650000)

Polling page: 0x000001ec2a020000

Metaspace:

Usage:
  Non-class:      7.08 MB used.
      Class:    858.20 KB used.
       Both:      7.92 MB used.

Virtual space:
  Non-class space:       64.00 MB reserved,       7.19 MB ( 11%) committed,  1 nodes.
      Class space:        1.00 GB reserved,     960.00 KB ( <1%) committed,  1 nodes.
             Both:        1.06 GB reserved,       8.12 MB ( <1%) committed. 

Chunk freelists:
   Non-Class:  8.69 MB
       Class:  14.88 MB
        Both:  23.57 MB

MaxMetaspaceSize: unlimited
CompressedClassSpaceSize: 1.00 GB
Initial GC threshold: 21.00 MB
Current GC threshold: 21.00 MB
CDS: on
 - commit_granule_bytes: 65536.
 - commit_granule_words: 8192.
 - virtual_space_node_default_size: 8388608.
 - enlarge_chunks_in_place: 1.
 - use_allocation_guard: 0.


Internal statistics:

num_allocs_failed_limit: 0.
num_arena_births: 236.
num_arena_deaths: 0.
num_vsnodes_births: 2.
num_vsnodes_deaths: 0.
num_space_committed: 130.
num_space_uncommitted: 0.
num_chunks_returned_to_freelist: 0.
num_chunks_taken_from_freelist: 441.
num_chunk_merges: 0.
num_chunk_splits: 280.
num_chunks_enlarged: 186.
num_inconsistent_stats: 0.

CodeHeap 'non-profiled nmethods': size=120000Kb used=790Kb max_used=790Kb free=119209Kb
 bounds [0x000001ec36e70000, 0x000001ec370e0000, 0x000001ec3e3a0000]
CodeHeap 'profiled nmethods': size=120000Kb used=3179Kb max_used=3179Kb free=116820Kb
 bounds [0x000001ec2f3a0000, 0x000001ec2f6c0000, 0x000001ec368d0000]
CodeHeap 'non-nmethods': size=5760Kb used=1217Kb max_used=1251Kb free=4543Kb
 bounds [0x000001ec368d0000, 0x000001ec36b40000, 0x000001ec36e70000]
CodeCache: size=245760Kb, used=5186Kb, max_used=5220Kb, free=240572Kb
 total_blobs=2274, nmethods=1791, adapters=390, full_count=0
Compilation: enabled, stopped_count=0, restarted_count=0

Compilation events (20 events):
Event: 2.316 Thread 0x000001ec8a783330 nmethod 1784 0x000001ec36f35290 code [0x000001ec36f35420, 0x000001ec36f354b0]
Event: 2.316 Thread 0x000001ec2c258890 1785       1       org.eclipse.osgi.internal.framework.EquinoxBundle::getModule (5 bytes)
Event: 2.317 Thread 0x000001ec2c258890 nmethod 1785 0x000001ec36f35590 code [0x000001ec36f35720, 0x000001ec36f357e8]
Event: 2.317 Thread 0x000001ec2c258890 1786       3       java.lang.Character::codePointAt (51 bytes)
Event: 2.317 Thread 0x000001ec2c258890 nmethod 1786 0x000001ec2f6b3b90 code [0x000001ec2f6b3da0, 0x000001ec2f6b43e0]
Event: 2.319 Thread 0x000001ec2c258890 1787       3       java.lang.Throwable::<init> (39 bytes)
Event: 2.319 Thread 0x000001ec2c258890 nmethod 1787 0x000001ec2f6b4590 code [0x000001ec2f6b4740, 0x000001ec2f6b4a08]
Event: 2.322 Thread 0x000001ec2c258890 1788       3       java.net.URLClassLoader::isSealed (72 bytes)
Event: 2.322 Thread 0x000001ec8a739390 1789       4       java.lang.Class::getName (18 bytes)
Event: 2.323 Thread 0x000001ec8a739390 nmethod 1789 0x000001ec36f35890 code [0x000001ec36f35a20, 0x000001ec36f35ae0]
Event: 2.324 Thread 0x000001ec2c258890 nmethod 1788 0x000001ec2f6b4b10 code [0x000001ec2f6b4f80, 0x000001ec2f6b6c10]
Event: 2.325 Thread 0x000001ec2c258890 1790       3       java.net.URLStreamHandler::setURL (159 bytes)
Event: 2.328 Thread 0x000001ec2c258890 nmethod 1790 0x000001ec2f6b7790 code [0x000001ec2f6b7b20, 0x000001ec2f6b8f90]
Event: 2.333 Thread 0x000001ec2c258890 1791       3       java.lang.ClassLoader::defineClass (43 bytes)
Event: 2.334 Thread 0x000001ec2c258890 nmethod 1791 0x000001ec2f6b9890 code [0x000001ec2f6b9aa0, 0x000001ec2f6b9fb8]
Event: 2.334 Thread 0x000001ec2c258890 1792       3       java.lang.ClassLoader::defineClassSourceLocation (28 bytes)
Event: 2.334 Thread 0x000001ec2c258890 nmethod 1792 0x000001ec2f6ba210 code [0x000001ec2f6ba3e0, 0x000001ec2f6ba760]
Event: 2.334 Thread 0x000001ec2c258890 1793       3       java.lang.invoke.MemberName::changeReferenceKind (46 bytes)
Event: 2.334 Thread 0x000001ec2c258890 nmethod 1793 0x000001ec2f6ba910 code [0x000001ec2f6baaa0, 0x000001ec2f6babd0]
Event: 2.335 Thread 0x000001ec2c254450 1794       4       java.lang.StringLatin1::indexOf (121 bytes)

GC Heap History (3 events):
Event: 1.263 GC heap before
{Heap before GC invocations=1 (full 0):
 PSYoungGen      total 29696K, used 25600K [0x00000000d5580000, 0x00000000d7680000, 0x0000000100000000)
  eden space 25600K, 100% used [0x00000000d5580000,0x00000000d6e80000,0x00000000d6e80000)
  from space 4096K, 0% used [0x00000000d7280000,0x00000000d7280000,0x00000000d7680000)
  to   space 4096K, 0% used [0x00000000d6e80000,0x00000000d6e80000,0x00000000d7280000)
 ParOldGen       total 68608K, used 0K [0x0000000080000000, 0x0000000084300000, 0x00000000d5580000)
  object space 68608K, 0% used [0x0000000080000000,0x0000000080000000,0x0000000084300000)
 Metaspace       used 4373K, committed 4608K, reserved 1114112K
  class space    used 474K, committed 576K, reserved 1048576K
}
Event: 1.276 GC heap after
{Heap after GC invocations=1 (full 0):
 PSYoungGen      total 29696K, used 3271K [0x00000000d5580000, 0x00000000d7680000, 0x0000000100000000)
  eden space 25600K, 0% used [0x00000000d5580000,0x00000000d5580000,0x00000000d6e80000)
  from space 4096K, 79% used [0x00000000d6e80000,0x00000000d71b1e98,0x00000000d7280000)
  to   space 4096K, 0% used [0x00000000d7280000,0x00000000d7280000,0x00000000d7680000)
 ParOldGen       total 68608K, used 8K [0x0000000080000000, 0x0000000084300000, 0x00000000d5580000)
  object space 68608K, 0% used [0x0000000080000000,0x0000000080002000,0x0000000084300000)
 Metaspace       used 4373K, committed 4608K, reserved 1114112K
  class space    used 474K, committed 576K, reserved 1048576K
}
Event: 2.338 GC heap before
{Heap before GC invocations=2 (full 0):
 PSYoungGen      total 29696K, used 28871K [0x00000000d5580000, 0x00000000d7680000, 0x0000000100000000)
  eden space 25600K, 100% used [0x00000000d5580000,0x00000000d6e80000,0x00000000d6e80000)
  from space 4096K, 79% used [0x00000000d6e80000,0x00000000d71b1e98,0x00000000d7280000)
  to   space 4096K, 0% used [0x00000000d7280000,0x00000000d7280000,0x00000000d7680000)
 ParOldGen       total 68608K, used 8K [0x0000000080000000, 0x0000000084300000, 0x00000000d5580000)
  object space 68608K, 0% used [0x0000000080000000,0x0000000080002000,0x0000000084300000)
 Metaspace       used 8110K, committed 8320K, reserved 1114112K
  class space    used 858K, committed 960K, reserved 1048576K
}

Dll operation events (9 events):
Event: 0.013 Loaded shared library c:\Users\kavisree\.vscode\extensions\redhat.java-1.53.0-win32-x64\jre\21.0.10-win32-x86_64\bin\java.dll
Event: 0.111 Loaded shared library c:\Users\kavisree\.vscode\extensions\redhat.java-1.53.0-win32-x64\jre\21.0.10-win32-x86_64\bin\zip.dll
Event: 0.149 Loaded shared library C:\Users\kavisree\.vscode\extensions\redhat.java-1.53.0-win32-x64\jre\21.0.10-win32-x86_64\bin\instrument.dll
Event: 0.157 Loaded shared library C:\Users\kavisree\.vscode\extensions\redhat.java-1.53.0-win32-x64\jre\21.0.10-win32-x86_64\bin\net.dll
Event: 0.161 Loaded shared library C:\Users\kavisree\.vscode\extensions\redhat.java-1.53.0-win32-x64\jre\21.0.10-win32-x86_64\bin\nio.dll
Event: 0.168 Loaded shared library C:\Users\kavisree\.vscode\extensions\redhat.java-1.53.0-win32-x64\jre\21.0.10-win32-x86_64\bin\zip.dll
Event: 0.195 Loaded shared library C:\Users\kavisree\.vscode\extensions\redhat.java-1.53.0-win32-x64\jre\21.0.10-win32-x86_64\bin\jimage.dll
Event: 0.320 Loaded shared library c:\Users\kavisree\.vscode\extensions\redhat.java-1.53.0-win32-x64\jre\21.0.10-win32-x86_64\bin\verify.dll
Event: 2.319 Loaded shared library C:\Users\kavisree\AppData\Roaming\Code\User\globalStorage\redhat.java\1.53.0\config_ss_win\org.eclipse.equinox.launcher\org.eclipse.equinox.launcher.win32.win32.x86_64_1.3.0.v20260203-2149\eclipse_11919.dll

Deoptimization events (20 events):
Event: 2.100 Thread 0x000001ec2c19d6b0 DEOPT PACKING pc=0x000001ec36ea1838 sp=0x0000001a552fe420
Event: 2.100 Thread 0x000001ec2c19d6b0 DEOPT UNPACKING pc=0x000001ec36923aa2 sp=0x0000001a552fe3e0 mode 2
Event: 2.181 Thread 0x000001ec2c19d6b0 DEOPT PACKING pc=0x000001ec2f4af80b sp=0x0000001a552fcba0
Event: 2.181 Thread 0x000001ec2c19d6b0 DEOPT UNPACKING pc=0x000001ec36924242 sp=0x0000001a552fc018 mode 0
Event: 2.182 Thread 0x000001ec2c19d6b0 DEOPT PACKING pc=0x000001ec2f51ac88 sp=0x0000001a552fc7a0
Event: 2.182 Thread 0x000001ec2c19d6b0 DEOPT UNPACKING pc=0x000001ec36924242 sp=0x0000001a552fbc20 mode 0
Event: 2.183 Thread 0x000001ec2c19d6b0 DEOPT PACKING pc=0x000001ec2f49af86 sp=0x0000001a552fc660
Event: 2.183 Thread 0x000001ec2c19d6b0 DEOPT UNPACKING pc=0x000001ec36924242 sp=0x0000001a552fbae0 mode 0
Event: 2.184 Thread 0x000001ec2c19d6b0 DEOPT PACKING pc=0x000001ec2f51ac88 sp=0x0000001a552fcab0
Event: 2.184 Thread 0x000001ec2c19d6b0 DEOPT UNPACKING pc=0x000001ec36924242 sp=0x0000001a552fbf30 mode 0
Event: 2.185 Thread 0x000001ec2c19d6b0 DEOPT PACKING pc=0x000001ec2f49af86 sp=0x0000001a552fc8b0
Event: 2.185 Thread 0x000001ec2c19d6b0 DEOPT UNPACKING pc=0x000001ec36924242 sp=0x0000001a552fbd30 mode 0
Event: 2.186 Thread 0x000001ec2c19d6b0 DEOPT PACKING pc=0x000001ec2f51ac88 sp=0x0000001a552fca00
Event: 2.186 Thread 0x000001ec2c19d6b0 DEOPT UNPACKING pc=0x000001ec36924242 sp=0x0000001a552fbe80 mode 0
Event: 2.187 Thread 0x000001ec2c19d6b0 DEOPT PACKING pc=0x000001ec2f51ac88 sp=0x0000001a552fcd00
Event: 2.187 Thread 0x000001ec2c19d6b0 DEOPT UNPACKING pc=0x000001ec36924242 sp=0x0000001a552fc180 mode 0
Event: 2.333 Thread 0x000001ec8a0db980 Uncommon trap: trap_request=0xffffff6e fr.pc=0x000001ec36edee28 relative=0x0000000000000368
Event: 2.333 Thread 0x000001ec8a0db980 Uncommon trap: reason=loop_limit_check action=maybe_recompile pc=0x000001ec36edee28 method=java.lang.StringLatin1.indexOf([BI[BII)I @ 37 c2
Event: 2.333 Thread 0x000001ec8a0db980 DEOPT PACKING pc=0x000001ec36edee28 sp=0x0000001a56af8ca0
Event: 2.333 Thread 0x000001ec8a0db980 DEOPT UNPACKING pc=0x000001ec36923aa2 sp=0x0000001a56af8c00 mode 2

Classes loaded (20 events):
Event: 2.209 Loading class java/lang/Thread$Builder$OfPlatform
Event: 2.209 Loading class java/lang/Thread$Builder
Event: 2.209 Loading class java/lang/Thread$Builder done
Event: 2.209 Loading class java/lang/Thread$Builder$OfPlatform done
Event: 2.209 Loading class java/lang/Thread$Builder$OfVirtual
Event: 2.209 Loading class java/lang/Thread$Builder$OfVirtual done
Event: 2.224 Loading class sun/nio/fs/WindowsChannelFactory
Event: 2.225 Loading class sun/nio/fs/WindowsChannelFactory done
Event: 2.225 Loading class sun/nio/fs/WindowsChannelFactory$1
Event: 2.225 Loading class sun/nio/fs/WindowsChannelFactory$1 done
Event: 2.225 Loading class sun/nio/fs/WindowsChannelFactory$Flags
Event: 2.225 Loading class sun/nio/fs/WindowsChannelFactory$Flags done
Event: 2.225 Loading class sun/nio/ch/FileChannelImpl$Closer
Event: 2.225 Loading class sun/nio/ch/FileChannelImpl$Closer done
Event: 2.314 Loading class java/util/concurrent/CountDownLatch
Event: 2.315 Loading class java/util/concurrent/CountDownLatch done
Event: 2.315 Loading class java/util/concurrent/CountDownLatch$Sync
Event: 2.315 Loading class java/util/concurrent/CountDownLatch$Sync done
Event: 2.319 Loading class java/util/concurrent/locks/AbstractQueuedSynchronizer$SharedNode
Event: 2.319 Loading class java/util/concurrent/locks/AbstractQueuedSynchronizer$SharedNode done

Classes unloaded (0 events):
No events

Classes redefined (0 events):
No events

Internal exceptions (20 events):
Event: 1.137 Thread 0x000001ec2c19d6b0 Exception <a 'java/lang/NoSuchMethodError'{0x00000000d6a603c8}: 'java.lang.ClassLoader java.lang.ClassLoader.getPlatformClassLoader(java.lang.Class)'> (0x00000000d6a603c8) 
thrown [s\src\hotspot\share\interpreter\linkResolver.cpp, line 773]
Event: 1.260 Thread 0x000001ec2c19d6b0 Exception <a 'java/lang/ClassNotFoundException'{0x00000000d6e7d138}: sun/net/www/protocol/c/Handler> (0x00000000d6e7d138) 
thrown [s\src\hotspot\share\classfile\systemDictionary.cpp, line 312]
Event: 1.261 Thread 0x000001ec2c19d6b0 Exception <a 'java/lang/ClassNotFoundException'{0x00000000d6e7e528}: sun/net/www/protocol/c/Handler> (0x00000000d6e7e528) 
thrown [s\src\hotspot\share\classfile\systemDictionary.cpp, line 312]
Event: 1.263 Thread 0x000001ec2c19d6b0 Exception <a 'java/lang/ClassNotFoundException'{0x00000000d6e7f788}: sun/net/www/protocol/c/Handler> (0x00000000d6e7f788) 
thrown [s\src\hotspot\share\classfile\systemDictionary.cpp, line 312]
Event: 1.289 Thread 0x000001ec2c19d6b0 Exception <a 'java/io/FileNotFoundException'{0x00000000d55a8110}> (0x00000000d55a8110) 
thrown [s\src\hotspot\share\prims\jni.cpp, line 520]
Event: 1.371 Thread 0x000001ec2c19d6b0 Implicit null exception at 0x000001ec36ec93a9 to 0x000001ec36ec9c1c
Event: 1.372 Thread 0x000001ec2c19d6b0 Implicit null exception at 0x000001ec36ece91a to 0x000001ec36eceb20
Event: 1.373 Thread 0x000001ec2c19d6b0 Exception <a 'java/lang/NoSuchMethodError'{0x00000000d56d8070}: 'void java.lang.invoke.DirectMethodHandle$Holder.invokeStatic(java.lang.Object, java.lang.Object, java.lang.Object, java.lang.Object)'> (0x00000000d56d8070) 
thrown [s\src\hotspot\share\interpreter\linkResolver.cpp, line 773]
Event: 1.375 Thread 0x000001ec2c19d6b0 Implicit null exception at 0x000001ec36ed681a to 0x000001ec36ed6a24
Event: 1.376 Thread 0x000001ec2c19d6b0 Implicit null exception at 0x000001ec36ecb0bd to 0x000001ec36ecb141
Event: 1.556 Thread 0x000001ec2c19d6b0 Exception <a 'java/lang/NoSuchMethodError'{0x00000000d599d198}: 'void java.lang.invoke.DirectMethodHandle$Holder.invokeSpecial(java.lang.Object, java.lang.Object, java.lang.Object)'> (0x00000000d599d198) 
thrown [s\src\hotspot\share\interpreter\linkResolver.cpp, line 773]
Event: 1.939 Thread 0x000001ec2c19d6b0 Exception <a 'java/lang/NoSuchMethodError'{0x00000000d62ca3f0}: 'int java.lang.invoke.DirectMethodHandle$Holder.invokeVirtual(java.lang.Object, java.lang.Object)'> (0x00000000d62ca3f0) 
thrown [s\src\hotspot\share\interpreter\linkResolver.cpp, line 773]
Event: 1.999 Thread 0x000001ec2c19d6b0 Exception <a 'java/lang/NoSuchMethodError'{0x00000000d64523e8}: 'int java.lang.invoke.DirectMethodHandle$Holder.invokeStaticInit(java.lang.Object, java.lang.Object, java.lang.Object, java.lang.Object)'> (0x00000000d64523e8) 
thrown [s\src\hotspot\share\interpreter\linkResolver.cpp, line 773]
Event: 2.001 Thread 0x000001ec2c19d6b0 Exception <a 'java/lang/IncompatibleClassChangeError'{0x00000000d645a7f0}: Found class java.lang.Object, but interface was expected> (0x00000000d645a7f0) 
thrown [s\src\hotspot\share\interpreter\linkResolver.cpp, line 840]
Event: 2.001 Thread 0x000001ec2c19d6b0 Exception <a 'java/lang/NoSuchMethodError'{0x00000000d64616c0}: 'void java.lang.invoke.DirectMethodHandle$Holder.invokeStaticInit(java.lang.Object, java.lang.Object)'> (0x00000000d64616c0) 
thrown [s\src\hotspot\share\interpreter\linkResolver.cpp, line 773]
Event: 2.003 Thread 0x000001ec2c19d6b0 Exception <a 'java/lang/NoSuchMethodError'{0x00000000d646d178}: 'int java.lang.invoke.DirectMethodHandle$Holder.invokeStaticInit(java.lang.Object, java.lang.Object)'> (0x00000000d646d178) 
thrown [s\src\hotspot\share\interpreter\linkResolver.cpp, line 773]
Event: 2.073 Thread 0x000001ec2c19d6b0 Exception <a 'java/lang/NoSuchMethodError'{0x00000000d66dd1f8}: 'java.lang.Object java.lang.invoke.DirectMethodHandle$Holder.newInvokeSpecial(java.lang.Object, int, java.lang.Object)'> (0x00000000d66dd1f8) 
thrown [s\src\hotspot\share\interpreter\linkResolver.cpp, line 773]
Event: 2.142 Thread 0x000001ec2c19d6b0 Exception <a 'java/lang/ClassNotFoundException'{0x00000000d6902e18}: sun/net/www/protocol/plurl/Handler> (0x00000000d6902e18) 
thrown [s\src\hotspot\share\classfile\systemDictionary.cpp, line 312]
Event: 2.142 Thread 0x000001ec2c19d6b0 Exception <a 'java/lang/ClassNotFoundException'{0x00000000d6903c98}: sun/net/www/protocol/plurl/Handler> (0x00000000d6903c98) 
thrown [s\src\hotspot\share\classfile\systemDictionary.cpp, line 312]
Event: 2.315 Thread 0x000001ec2c19d6b0 Exception <a 'java/lang/UnsatisfiedLinkError'{0x00000000d6d520f0}: 'void org.eclipse.equinox.launcher.JNIBridge._update_splash()'> (0x00000000d6d520f0) 
thrown [s\src\hotspot\share\prims\nativeLookup.cpp, line 415]

ZGC Phase Switch (0 events):
No events

VM Operations (20 events):
Event: 0.719 Executing non-safepoint VM operation: HandshakeAllThreads (Deoptimize) done
Event: 0.756 Executing non-safepoint VM operation: HandshakeAllThreads (Deoptimize)
Event: 0.756 Executing non-safepoint VM operation: HandshakeAllThreads (Deoptimize) done
Event: 1.200 Executing safepoint VM operation: ICBufferFull
Event: 1.200 Executing safepoint VM operation: ICBufferFull done
Event: 1.228 Executing non-safepoint VM operation: HandshakeAllThreads (Deoptimize)
Event: 1.228 Executing non-safepoint VM operation: HandshakeAllThreads (Deoptimize) done
Event: 1.263 Executing safepoint VM operation: ParallelGCFailedAllocation (Allocation Failure)
Event: 1.276 Executing safepoint VM operation: ParallelGCFailedAllocation (Allocation Failure) done
Event: 2.040 Executing non-safepoint VM operation: HandshakeAllThreads (Deoptimize)
Event: 2.040 Executing non-safepoint VM operation: HandshakeAllThreads (Deoptimize) done
Event: 2.054 Executing non-safepoint VM operation: HandshakeAllThreads (Deoptimize)
Event: 2.054 Executing non-safepoint VM operation: HandshakeAllThreads (Deoptimize) done
Event: 2.118 Executing non-safepoint VM operation: HandshakeAllThreads (Deoptimize)
Event: 2.118 Executing non-safepoint VM operation: HandshakeAllThreads (Deoptimize) done
Event: 2.137 Executing non-safepoint VM operation: HandshakeAllThreads (Deoptimize)
Event: 2.137 Executing non-safepoint VM operation: HandshakeAllThreads (Deoptimize) done
Event: 2.223 Executing safepoint VM operation: ICBufferFull
Event: 2.223 Executing safepoint VM operation: ICBufferFull done
Event: 2.338 Executing safepoint VM operation: ParallelGCFailedAllocation (Allocation Failure)

Memory protections (0 events):
No events

Nmethod flushes (0 events):
No events

Events (20 events):
Event: 0.035 Thread 0x000001ec2c19d6b0 Thread added: 0x000001ec2c19d6b0
Event: 0.056 Thread 0x000001ec2c19d6b0 Thread added: 0x000001ec2c2443e0
Event: 0.056 Thread 0x000001ec2c19d6b0 Thread added: 0x000001ec2c14cae0
Event: 0.057 Thread 0x000001ec2c19d6b0 Thread added: 0x000001ec2c2462b0
Event: 0.057 Thread 0x000001ec2c19d6b0 Thread added: 0x000001ec2c249760
Event: 0.057 Thread 0x000001ec2c19d6b0 Thread added: 0x000001ec2c248460
Event: 0.057 Thread 0x000001ec2c19d6b0 Thread added: 0x000001ec2c24f560
Event: 0.057 Thread 0x000001ec2c19d6b0 Thread added: 0x000001ec2c254450
Event: 0.057 Thread 0x000001ec2c19d6b0 Thread added: 0x000001ec2c258890
Event: 0.153 Thread 0x000001ec2c19d6b0 Thread added: 0x000001ec851006a0
Event: 0.312 Thread 0x000001ec2c258890 Thread added: 0x000001ec85244c60
Event: 0.467 Thread 0x000001ec2c19d6b0 Thread added: 0x000001ec85266bd0
Event: 0.604 Thread 0x000001ec85244c60 Thread added: 0x000001ec85252760
Event: 1.496 Thread 0x000001ec85244c60 Thread exited: 0x000001ec85244c60
Event: 1.496 Thread 0x000001ec85252760 Thread exited: 0x000001ec85252760
Event: 1.646 Thread 0x000001ec2c258890 Thread added: 0x000001ec8a783330
Event: 1.650 Thread 0x000001ec2c254450 Thread added: 0x000001ec8a739390
Event: 2.021 Thread 0x000001ec2c19d6b0 Thread added: 0x000001ec8a974300
Event: 2.304 Thread 0x000001ec2c19d6b0 Thread added: 0x000001ec8aa04f20
Event: 2.313 Thread 0x000001ec2c19d6b0 Thread added: 0x000001ec8a0db980


Dynamic libraries:
0x00007ff643650000 - 0x00007ff64365e000 	c:\Users\kavisree\.vscode\extensions\redhat.java-1.53.0-win32-x64\jre\21.0.10-win32-x86_64\bin\java.exe
0x00007ffb4afb0000 - 0x00007ffb4b1c7000 	C:\Windows\SYSTEM32\ntdll.dll
0x00007ffb4a6a0000 - 0x00007ffb4a764000 	C:\Windows\System32\KERNEL32.DLL
0x00007ffb48870000 - 0x00007ffb48c43000 	C:\Windows\System32\KERNELBASE.dll
0x00007ffb48180000 - 0x00007ffb48291000 	C:\Windows\System32\ucrtbase.dll
0x00007ffb3eb60000 - 0x00007ffb3eb78000 	c:\Users\kavisree\.vscode\extensions\redhat.java-1.53.0-win32-x64\jre\21.0.10-win32-x86_64\bin\jli.dll
0x00007ffb36fd0000 - 0x00007ffb36fee000 	c:\Users\kavisree\.vscode\extensions\redhat.java-1.53.0-win32-x64\jre\21.0.10-win32-x86_64\bin\VCRUNTIME140.dll
0x00007ffb49b00000 - 0x00007ffb49cb1000 	C:\Windows\System32\USER32.dll
0x00007ffb48440000 - 0x00007ffb48466000 	C:\Windows\System32\win32u.dll
0x00007ffb342e0000 - 0x00007ffb34578000 	C:\Windows\WinSxS\amd64_microsoft.windows.common-controls_6595b64144ccf1df_6.0.22621.5124_none_270e8f4f7386d69d\COMCTL32.dll
0x00007ffb4ad40000 - 0x00007ffb4ad69000 	C:\Windows\System32\GDI32.dll
0x00007ffb4aec0000 - 0x00007ffb4af67000 	C:\Windows\System32\msvcrt.dll
0x00007ffb48750000 - 0x00007ffb4886b000 	C:\Windows\System32\gdi32full.dll
0x00007ffb48630000 - 0x00007ffb486ca000 	C:\Windows\System32\msvcp_win.dll
0x00007ffb4a660000 - 0x00007ffb4a691000 	C:\Windows\System32\IMM32.DLL
0x00007ffb44b30000 - 0x00007ffb44b3c000 	c:\Users\kavisree\.vscode\extensions\redhat.java-1.53.0-win32-x64\jre\21.0.10-win32-x86_64\bin\vcruntime140_1.dll
0x00007ffad40f0000 - 0x00007ffad417d000 	c:\Users\kavisree\.vscode\extensions\redhat.java-1.53.0-win32-x64\jre\21.0.10-win32-x86_64\bin\msvcp140.dll
0x00007ffaca1b0000 - 0x00007ffacaf51000 	c:\Users\kavisree\.vscode\extensions\redhat.java-1.53.0-win32-x64\jre\21.0.10-win32-x86_64\bin\server\jvm.dll
0x00007ffb490d0000 - 0x00007ffb49181000 	C:\Windows\System32\ADVAPI32.dll
0x00007ffb49a50000 - 0x00007ffb49af8000 	C:\Windows\System32\sechost.dll
0x00007ffb48410000 - 0x00007ffb48438000 	C:\Windows\System32\bcrypt.dll
0x00007ffb4aa20000 - 0x00007ffb4ab34000 	C:\Windows\System32\RPCRT4.dll
0x00007ffb4a8d0000 - 0x00007ffb4a941000 	C:\Windows\System32\WS2_32.dll
0x00007ffb47930000 - 0x00007ffb4797d000 	C:\Windows\SYSTEM32\POWRPROF.dll
0x00007ffb439a0000 - 0x00007ffb439d4000 	C:\Windows\SYSTEM32\WINMM.dll
0x00007ffb40080000 - 0x00007ffb4008a000 	C:\Windows\SYSTEM32\VERSION.dll
0x00007ffb47910000 - 0x00007ffb47923000 	C:\Windows\SYSTEM32\UMPDC.dll
0x00007ffb470f0000 - 0x00007ffb47108000 	C:\Windows\SYSTEM32\kernel.appcore.dll
0x00007ffb364b0000 - 0x00007ffb364ba000 	c:\Users\kavisree\.vscode\extensions\redhat.java-1.53.0-win32-x64\jre\21.0.10-win32-x86_64\bin\jimage.dll
0x00007ffb42510000 - 0x00007ffb42742000 	C:\Windows\SYSTEM32\DBGHELP.DLL
0x00007ffb4a050000 - 0x00007ffb4a3e2000 	C:\Windows\System32\combase.dll
0x00007ffb4ade0000 - 0x00007ffb4aeb7000 	C:\Windows\System32\OLEAUT32.dll
0x00007ffb312f0000 - 0x00007ffb31322000 	C:\Windows\SYSTEM32\dbgcore.DLL
0x00007ffb485b0000 - 0x00007ffb4862b000 	C:\Windows\System32\bcryptPrimitives.dll
0x00007ffb364a0000 - 0x00007ffb364af000 	c:\Users\kavisree\.vscode\extensions\redhat.java-1.53.0-win32-x64\jre\21.0.10-win32-x86_64\bin\instrument.dll
0x00007ffb2dc70000 - 0x00007ffb2dc90000 	c:\Users\kavisree\.vscode\extensions\redhat.java-1.53.0-win32-x64\jre\21.0.10-win32-x86_64\bin\java.dll
0x00007ffb49190000 - 0x00007ffb49a26000 	C:\Windows\System32\SHELL32.dll
0x00007ffb48470000 - 0x00007ffb485af000 	C:\Windows\System32\wintypes.dll
0x00007ffb45fa0000 - 0x00007ffb468ba000 	C:\Windows\SYSTEM32\windows.storage.dll
0x00007ffb4ac30000 - 0x00007ffb4ad3a000 	C:\Windows\System32\SHCORE.dll
0x00007ffb4ab40000 - 0x00007ffb4aba3000 	C:\Windows\System32\shlwapi.dll
0x00007ffb47ff0000 - 0x00007ffb4801b000 	C:\Windows\SYSTEM32\profapi.dll
0x00007ffb21d60000 - 0x00007ffb21d78000 	c:\Users\kavisree\.vscode\extensions\redhat.java-1.53.0-win32-x64\jre\21.0.10-win32-x86_64\bin\zip.dll
0x00007ffb36490000 - 0x00007ffb364a0000 	C:\Users\kavisree\.vscode\extensions\redhat.java-1.53.0-win32-x64\jre\21.0.10-win32-x86_64\bin\net.dll
0x00007ffb44c50000 - 0x00007ffb44d7c000 	C:\Windows\SYSTEM32\WINHTTP.dll
0x00007ffb475e0000 - 0x00007ffb4764a000 	C:\Windows\system32\mswsock.dll
0x00007ffb1bc50000 - 0x00007ffb1bc66000 	C:\Users\kavisree\.vscode\extensions\redhat.java-1.53.0-win32-x64\jre\21.0.10-win32-x86_64\bin\nio.dll
0x00007ffb346f0000 - 0x00007ffb34700000 	c:\Users\kavisree\.vscode\extensions\redhat.java-1.53.0-win32-x64\jre\21.0.10-win32-x86_64\bin\verify.dll
0x00007ffb15ed0000 - 0x00007ffb15f15000 	C:\Users\kavisree\AppData\Roaming\Code\User\globalStorage\redhat.java\1.53.0\config_ss_win\org.eclipse.equinox.launcher\org.eclipse.equinox.launcher.win32.win32.x86_64_1.3.0.v20260203-2149\eclipse_11919.dll
0x00007ffb49d40000 - 0x00007ffb49ee1000 	C:\Windows\System32\ole32.dll

JVMTI agents:
c:\Users\kavisree\.vscode\extensions\redhat.java-1.53.0-win32-x64\lombok\lombok-1.18.39-4050.jar path:c:\Users\kavisree\.vscode\extensions\redhat.java-1.53.0-win32-x64\jre\21.0.10-win32-x86_64\bin\instrument.dll, loaded, initialized, instrumentlib options:none

dbghelp: loaded successfully - version: 4.0.5 - missing functions: none
symbol engine: initialized successfully - sym options: 0x614 - pdb path: .;c:\Users\kavisree\.vscode\extensions\redhat.java-1.53.0-win32-x64\jre\21.0.10-win32-x86_64\bin;C:\Windows\SYSTEM32;C:\Windows\WinSxS\amd64_microsoft.windows.common-controls_6595b64144ccf1df_6.0.22621.5124_none_270e8f4f7386d69d;c:\Users\kavisree\.vscode\extensions\redhat.java-1.53.0-win32-x64\jre\21.0.10-win32-x86_64\bin\server;C:\Users\kavisree\AppData\Roaming\Code\User\globalStorage\redhat.java\1.53.0\config_ss_win\org.eclipse.equinox.launcher\org.eclipse.equinox.launcher.win32.win32.x86_64_1.3.0.v20260203-2149

VM Arguments:
jvm_args: --add-modules=ALL-SYSTEM --add-opens=java.base/java.util=ALL-UNNAMED --add-opens=java.base/java.lang=ALL-UNNAMED --add-opens=java.base/sun.nio.fs=ALL-UNNAMED -Declipse.application=org.eclipse.jdt.ls.core.id1 -Dosgi.bundles.defaultStartLevel=4 -Declipse.product=org.eclipse.jdt.ls.core.product -Djava.import.generatesMetadataFilesAtProjectRoot=false -DDetectVMInstallationsJob.disabled=true -Dfile.encoding=utf8 -XX:+UseParallelGC -XX:GCTimeRatio=4 -XX:AdaptiveSizePolicyWeight=90 -Dsun.zip.disableMemoryMapping=true -Xmx2G -Xms100m -Xlog:disable -javaagent:c:\Users\kavisree\.vscode\extensions\redhat.java-1.53.0-win32-x64\lombok\lombok-1.18.39-4050.jar 
java_command: c:\Users\kavisree\.vscode\extensions\redhat.java-1.53.0-win32-x64\server\plugins\org.eclipse.equinox.launcher_1.7.100.v20251111-0406.jar -configuration c:\Users\kavisree\AppData\Roaming\Code\User\globalStorage\redhat.java\1.53.0\config_ss_win -data c:\Users\kavisree\AppData\Roaming\Code\User\workspaceStorage\bdcabcdb5dbb4f6f25710cacc4d11531\redhat.java\ss_ws --pipe=\\.\pipe\lsp-21fdf4785284dac153a81ba164757572-sock
java_class_path (initial): c:\Users\kavisree\.vscode\extensions\redhat.java-1.53.0-win32-x64\server\plugins\org.eclipse.equinox.launcher_1.7.100.v20251111-0406.jar
Launcher Type: SUN_STANDARD

[Global flags]
    uintx AdaptiveSizePolicyWeight                 = 90                                        {product} {command line}
     intx CICompilerCount                          = 4                                         {product} {ergonomic}
    uintx GCTimeRatio                              = 4                                         {product} {command line}
   size_t InitialHeapSize                          = 104857600                                 {product} {command line}
   size_t MaxHeapSize                              = 2147483648                                {product} {command line}
   size_t MaxNewSize                               = 715653120                                 {product} {ergonomic}
   size_t MinHeapDeltaBytes                        = 524288                                    {product} {ergonomic}
   size_t MinHeapSize                              = 104857600                                 {product} {command line}
   size_t NewSize                                  = 34603008                                  {product} {ergonomic}
    uintx NonNMethodCodeHeapSize                   = 5839372                                {pd product} {ergonomic}
    uintx NonProfiledCodeHeapSize                  = 122909434                              {pd product} {ergonomic}
   size_t OldSize                                  = 70254592                                  {product} {ergonomic}
    uintx ProfiledCodeHeapSize                     = 122909434                              {pd product} {ergonomic}
    uintx ReservedCodeCacheSize                    = 251658240                              {pd product} {ergonomic}
     bool SegmentedCodeCache                       = true                                      {product} {ergonomic}
   size_t SoftMaxHeapSize                          = 2147483648                             {manageable} {ergonomic}
     bool UseCompressedOops                        = true                           {product lp64_product} {ergonomic}
     bool UseLargePagesIndividualAllocation        = false                                  {pd product} {ergonomic}
     bool UseParallelGC                            = true                                      {product} {command line}

Logging:
Log output configuration:
 #0: stdout all=off uptime,level,tags foldmultilines=false
 #1: stderr all=off uptime,level,tags foldmultilines=false

Release file:
JAVA_VERSION="21.0.10" 
MODULES="java.base java.compiler java.datatransfer java.xml java.prefs java.desktop java.instrument java.logging java.management java.security.sasl java.naming java.rmi java.management.rmi java.net.http java.scripting java.security.jgss java.transaction.xa java.sql java.sql.rowset java.xml.crypto java.se java.smartcardio jdk.accessibility jdk.internal.jvmstat jdk.attach jdk.charsets jdk.internal.opt jdk.zipfs jdk.compiler jdk.crypto.ec jdk.crypto.cryptoki jdk.crypto.mscapi jdk.dynalink jdk.internal.ed jdk.editpad jdk.hotspot.agent jdk.httpserver jdk.internal.le jdk.internal.vm.ci jdk.internal.vm.compiler jdk.internal.vm.compiler.management jdk.jartool jdk.javadoc jdk.jcmd jdk.management jdk.management.agent jdk.jconsole jdk.jdeps jdk.jdwp.agent jdk.jdi jdk.jfr jdk.jshell jdk.jsobject jdk.jstatd jdk.localedata jdk.management.jfr jdk.naming.dns jdk.naming.rmi jdk.net jdk.nio.mapmode jdk.random jdk.sctp jdk.security.auth jdk.security.jgss jdk.unsupported jdk.unsupported.desktop jdk.xml.dom" 

Environment Variables:
PATH=C:\Users\kavisree\AppData\Local\Programs\Microsoft VS Code;C:\Program Files\Common Files\Oracle\Java\javapath;C:\Windows\system32;C:\Windows;C:\Windows\System32\Wbem;C:\Windows\System32\WindowsPowerShell\v1.0\;C:\Windows\System32\OpenSSH\;C:\Program Files\Java\jdk-25\bin;C:\Program Files\nodejs\;C:\Program Files\Git\cmd;C:\Users\kavisree\AppData\Local\Programs\Python\Python311\Scripts\;C:\Users\kavisree\AppData\Local\Programs\Python\Python311\;C:\Users\kavisree\AppData\Local\Microsoft\WindowsApps;C:\Users\kavisree\AppData\Local\Programs\Microsoft VS Code\bin;C:\Users\kavisree\AppData\Roaming\npm
USERNAME=kavisree
OS=Windows_NT
PROCESSOR_IDENTIFIER=AMD64 Family 23 Model 104 Stepping 1, AuthenticAMD
TMP=C:\Users\kavisree\AppData\Local\Temp
TEMP=C:\Users\kavisree\AppData\Local\Temp




Periodic native trim disabled

---------------  S Y S T E M  ---------------

OS:
 Windows 11 , 64 bit Build 22621 (10.0.22621.5124)
OS uptime: 4 days 1:42 hours
Hyper-V role detected

CPU: total 12 (initial active 12) (12 cores per cpu, 2 threads per core) family 23 model 104 stepping 1 microcode 0x0, cx8, cmov, fxsr, ht, mmx, 3dnowpref, sse, sse2, sse3, ssse3, sse4a, sse4.1, sse4.2, popcnt, lzcnt, tsc, tscinvbit, avx, avx2, aes, clmul, bmi1, bmi2, adx, sha, fma, vzeroupper, clflush, clflushopt, hv, rdtscp, rdpid, f16c
Processor Information for processor 0
  Max Mhz: 2100, Current Mhz: 1893, Mhz Limit: 2100
Processor Information for processor 1
  Max Mhz: 2100, Current Mhz: 1893, Mhz Limit: 2100
Processor Information for processor 2
  Max Mhz: 2100, Current Mhz: 1813, Mhz Limit: 2100
Processor Information for processor 3
  Max Mhz: 2100, Current Mhz: 1893, Mhz Limit: 2100
Processor Information for processor 4
  Max Mhz: 2100, Current Mhz: 1893, Mhz Limit: 2100
Processor Information for processor 5
  Max Mhz: 2100, Current Mhz: 1893, Mhz Limit: 2100
Processor Information for processor 6
  Max Mhz: 2100, Current Mhz: 1893, Mhz Limit: 2100
Processor Information for processor 7
  Max Mhz: 2100, Current Mhz: 1893, Mhz Limit: 2100
Processor Information for processor 8
  Max Mhz: 2100, Current Mhz: 1893, Mhz Limit: 2100
Processor Information for processor 9
  Max Mhz: 2100, Current Mhz: 1893, Mhz Limit: 2100
Processor Information for processor 10
  Max Mhz: 2100, Current Mhz: 1893, Mhz Limit: 2100
Processor Information for processor 11
  Max Mhz: 2100, Current Mhz: 1893, Mhz Limit: 2100

Memory: 4k page, system-wide physical 15708M (9617M free)
TotalPageFile size 23113M (AvailPageFile size 14396M)
current process WorkingSet (physical memory assigned to process): 97M, peak: 97M
current process commit charge ("private bytes"): 250M, peak: 252M

vm_info: OpenJDK 64-Bit Server VM (21.0.10+7-LTS) for windows-amd64 JRE (21.0.10+7-LTS), built on 2026-01-20T00:00:00Z by "admin" with MS VC++ 17.12 (VS2022)

END.
